2026-03-09 00:09:48 | Sampling start for Circutor
00:09:48 | Measurement 1: 0.017623 A
00:09:48 | Measurement 2: 0.033484 A
00:09:48 | Measurement 3: 0.036427 A
00:09:49 | Measurement 4: 0.036346 A
00:09:49 | Measurement 5: 0.018874 A
00:09:49 | Measurement 6: 0.035019 A
00:09:49 | Measurement 7: 0.014925 A
00:09:49 | Measurement 8: 0.008468 A
00:09:49 | Measurement 9: 0.028130 A
00:09:49 | Measurement 10: 0.035179 A
00:09:49 | Measurement 11: 0.027937 A
00:09:49 | Measurement 12: 0.022428 A
00:09:49 | Measurement 13: 0.040741 A
00:09:50 | Measurement 14: 0.005353 A
00:09:50 | Measurement 15: 0.042172 A
00:09:50 | Measurement 16: 0.040915 A
00:09:50 | Measurement 17: 0.051686 A
00:09:50 | Measurement 18: 0.006341 A
00:09:50 | Measurement 19: 0.026700 A
00:09:50 | Measurement 20: 0.012182 A
00:09:50 | Measurement 21: 0.062180 A
00:09:50 | Measurement 22: 0.028306 A
00:09:51 | Measurement 23: 0.025371 A
00:09:51 | Measurement 24: 0.027285 A
00:09:51 | Measurement 25: 0.028804 A
00:09:51 | Measurement 26: 0.021565 A
00:09:51 | Measurement 27: 0.038188 A
00:09:51 | Measurement 28: 0.027811 A
00:09:51 | Measurement 29: 0.052558 A

--- Sampling Summary ---
Total measurements: 29
Requested duration: 3.000 s
Sampling frequency: 9.667 Hz
Actual runtime: 3.010 s

--- Statistical Analysis ---
Mean current: 0.029414 A
Median current: 0.028130 A
Standard deviation: 0.013677 A
Minimum current: 0.005353 A
Maximum current: 0.062180 A

Metadata:
Emulator: Circutor
Log file: results\circutor\20260309_000948_circutor.log
Start time: 2026-03-09 00:09:48
End time: 2026-03-09 00:09:51
==================================================

