2026-03-10 01:14:58 | Sampling start for Greenlee
01:14:58 | Measurement 1: 0.055297 A
01:14:58 | Measurement 2: 0.102595 A
01:14:58 | Measurement 3: 0.595925 A
01:14:58 | Measurement 4: 0.123702 A
01:14:58 | Measurement 5: 0.062306 A
01:14:58 | Measurement 6: 0.165263 A
01:14:58 | Measurement 7: 0.208892 A
01:14:58 | Measurement 8: 0.074007 A
01:14:58 | Measurement 9: 0.261827 A
01:14:58 | Measurement 10: 0.072555 A
01:14:58 | Measurement 11: 0.090788 A
01:14:58 | Measurement 12: 0.177710 A
01:14:58 | Measurement 13: 0.066005 A
01:14:59 | Measurement 14: 0.038723 A
01:14:59 | Measurement 15: 0.108323 A
01:14:59 | Measurement 16: 0.043320 A
01:14:59 | Measurement 17: 0.050641 A
01:14:59 | Measurement 18: 0.343315 A
01:14:59 | Measurement 19: 0.069007 A
01:14:59 | Measurement 20: 0.135105 A
01:14:59 | Measurement 21: 0.059924 A
01:14:59 | Measurement 22: 0.142523 A
01:14:59 | Measurement 23: 0.046763 A
01:14:59 | Measurement 24: 1.567831 A
01:14:59 | Measurement 25: 0.171602 A
01:14:59 | Measurement 26: 0.163945 A
01:14:59 | Measurement 27: 0.117197 A
01:14:59 | Measurement 28: 0.084068 A
01:14:59 | Measurement 29: 0.900093 A
01:15:00 | Measurement 30: 0.214705 A
01:15:00 | Measurement 31: 0.147837 A
01:15:00 | Measurement 32: 0.429759 A
01:15:00 | Measurement 33: 0.098321 A
01:15:00 | Measurement 34: 0.098621 A
01:15:00 | Measurement 35: 0.083094 A
01:15:00 | Measurement 36: 0.023900 A
01:15:00 | Measurement 37: 0.191539 A
01:15:00 | Measurement 38: 0.045222 A
01:15:00 | Measurement 39: 0.024916 A
01:15:00 | Measurement 40: 0.092364 A
01:15:00 | Measurement 41: 0.356148 A
01:15:00 | Measurement 42: 0.061441 A
01:15:00 | Measurement 43: 0.059242 A
01:15:00 | Measurement 44: 0.459961 A
01:15:00 | Measurement 45: 0.564080 A
01:15:01 | Measurement 46: 0.050847 A
01:15:01 | Measurement 47: 0.216265 A
01:15:01 | Measurement 48: 0.050628 A
01:15:01 | Measurement 49: 0.112363 A

--- Sampling Summary ---
total_measurements: 49
requested_duration_s: 3
sampling_frequency_hz: 16.333
actual_runtime_s: 3.017
mean_current_a: 0.19348
median_current_a: 0.102595
std_dev_current_a: 0.263545
min_current_a: 0.0239
max_current_a: 1.567831
metadata: {'emulator': 'Greenlee', 'log_file': 'results\\greenlee\\20260310_011458_greenlee.log', 'start_time': '2026-03-10 01:14:58', 'end_time': '2026-03-10 01:15:01'}
