2026-03-09 21:23:22 | Sampling start for Greenlee
21:23:22 | Measurement 1: 0.029809 A
21:23:22 | Measurement 2: 0.188350 A
21:23:22 | Measurement 3: 0.103826 A
21:23:23 | Measurement 4: 0.057994 A
21:23:23 | Measurement 5: 1.244534 A
21:23:23 | Measurement 6: 0.030456 A
21:23:23 | Measurement 7: 0.106889 A
21:23:23 | Measurement 8: 0.026164 A
21:23:23 | Measurement 9: 1.626696 A
21:23:23 | Measurement 10: 0.025534 A
21:23:23 | Measurement 11: 0.588262 A
21:23:23 | Measurement 12: 0.355405 A
21:23:23 | Measurement 13: 0.594335 A
21:23:23 | Measurement 14: 0.338741 A
21:23:23 | Measurement 15: 0.183408 A
21:23:23 | Measurement 16: 0.312221 A
21:23:23 | Measurement 17: 0.305620 A
21:23:23 | Measurement 18: 0.060407 A
21:23:23 | Measurement 19: 0.416821 A
21:23:24 | Measurement 20: 0.088447 A
21:23:24 | Measurement 21: 0.056966 A
21:23:24 | Measurement 22: 0.063461 A
21:23:24 | Measurement 23: 0.061933 A
21:23:24 | Measurement 24: 0.120105 A
21:23:24 | Measurement 25: 2.793823 A
21:23:24 | Measurement 26: 0.060868 A
21:23:24 | Measurement 27: 0.100537 A
21:23:24 | Measurement 28: 0.053568 A
21:23:24 | Measurement 29: 0.850850 A
21:23:24 | Measurement 30: 0.016700 A
21:23:24 | Measurement 31: 0.012519 A
21:23:24 | Measurement 32: 0.115888 A
21:23:24 | Measurement 33: 0.012853 A
21:23:24 | Measurement 34: 0.122342 A
21:23:24 | Measurement 35: 0.148994 A
21:23:25 | Measurement 36: 0.549631 A
21:23:25 | Measurement 37: 0.124993 A
21:23:25 | Measurement 38: 0.078196 A
21:23:25 | Measurement 39: 1.002147 A
21:23:25 | Measurement 40: 0.067397 A
21:23:25 | Measurement 41: 0.103599 A
21:23:25 | Measurement 42: 0.529772 A
21:23:25 | Measurement 43: 0.080797 A
21:23:25 | Measurement 44: 0.058826 A
21:23:25 | Measurement 45: 0.027395 A
21:23:25 | Measurement 46: 0.066978 A
21:23:25 | Measurement 47: 0.859226 A
21:23:25 | Measurement 48: 0.109845 A
21:23:25 | Measurement 49: 0.063963 A

--- Sampling Summary ---
total_measurements: 49
requested_duration_s: 3
sampling_frequency_hz: 16.333
actual_runtime_s: 3.006
mean_current_a: 0.306083
median_current_a: 0.103826
std_dev_current_a: 0.500731
min_current_a: 0.012519
max_current_a: 2.793823
metadata: {'emulator': 'Greenlee', 'log_file': 'results\\greenlee\\20260309_212322_greenlee.log', 'start_time': '2026-03-09 21:23:22', 'end_time': '2026-03-09 21:23:25'}
