2026-03-09 20:41:33 | Sampling start for Greenlee
20:41:33 | Measurement 1: 0.113276 A
20:41:33 | Measurement 2: 0.024279 A
20:41:33 | Measurement 3: 0.190465 A
20:41:33 | Measurement 4: 0.089531 A
20:41:33 | Measurement 5: 0.192388 A
20:41:33 | Measurement 6: 0.138084 A
20:41:33 | Measurement 7: 0.035818 A
20:41:33 | Measurement 8: 0.065005 A
20:41:33 | Measurement 9: 0.125418 A
20:41:33 | Measurement 10: 0.105237 A
20:41:33 | Measurement 11: 0.190559 A
20:41:33 | Measurement 12: 0.035102 A
20:41:33 | Measurement 13: 0.053317 A
20:41:33 | Measurement 14: 0.182792 A
20:41:33 | Measurement 15: 1.331508 A
20:41:34 | Measurement 16: 0.190645 A
20:41:34 | Measurement 17: 0.116674 A
20:41:34 | Measurement 18: 0.101813 A
20:41:34 | Measurement 19: 2.855804 A
20:41:34 | Measurement 20: 0.049472 A
20:41:34 | Measurement 21: 1.175854 A
20:41:34 | Measurement 22: 0.017335 A
20:41:34 | Measurement 23: 0.024825 A
20:41:34 | Measurement 24: 0.231786 A
20:41:34 | Measurement 25: 0.222338 A
20:41:34 | Measurement 26: 0.070255 A
20:41:34 | Measurement 27: 0.823620 A
20:41:34 | Measurement 28: 0.106043 A
20:41:34 | Measurement 29: 0.110984 A
20:41:34 | Measurement 30: 0.050582 A
20:41:34 | Measurement 31: 0.105800 A
20:41:34 | Measurement 32: 1.035007 A
20:41:34 | Measurement 33: 0.351914 A
20:41:34 | Measurement 34: 0.152225 A
20:41:34 | Measurement 35: 0.120447 A
20:41:34 | Measurement 36: 0.679320 A
20:41:34 | Measurement 37: 0.534394 A
20:41:34 | Measurement 38: 0.087192 A
20:41:34 | Measurement 39: 0.022127 A
20:41:34 | Measurement 40: 0.099355 A
20:41:34 | Measurement 41: 0.015373 A
20:41:34 | Measurement 42: 0.064965 A
20:41:34 | Measurement 43: 0.137867 A
20:41:34 | Measurement 44: 2.037567 A
20:41:34 | Measurement 45: 0.790015 A
20:41:34 | Measurement 46: 1.242018 A
20:41:34 | Measurement 47: 0.080543 A
20:41:34 | Measurement 48: 0.086156 A
20:41:34 | Measurement 49: 0.268929 A
20:41:34 | Measurement 50: 0.102951 A
20:41:34 | Measurement 51: 0.277695 A
20:41:34 | Measurement 52: 0.050430 A
20:41:34 | Measurement 53: 0.058159 A
20:41:34 | Measurement 54: 0.123472 A
20:41:34 | Measurement 55: 7.744247 A
20:41:34 | Measurement 56: 0.237269 A
20:41:34 | Measurement 57: 0.067990 A
20:41:34 | Measurement 58: 0.091411 A
20:41:34 | Measurement 59: 0.022001 A
20:41:34 | Measurement 60: 0.224268 A
20:41:34 | Measurement 61: 0.259099 A
20:41:34 | Measurement 62: 0.145024 A
20:41:34 | Measurement 63: 0.020384 A
20:41:34 | Measurement 64: 0.115969 A
20:41:34 | Measurement 65: 0.109775 A
20:41:35 | Measurement 66: 0.080091 A
20:41:35 | Measurement 67: 0.083538 A
20:41:35 | Measurement 68: 0.289537 A
20:41:35 | Measurement 69: 0.091179 A
20:41:35 | Measurement 70: 0.815205 A
20:41:35 | Measurement 71: 0.212983 A
20:41:35 | Measurement 72: 0.137278 A
20:41:35 | Measurement 73: 0.034903 A
20:41:35 | Measurement 74: 0.024441 A
20:41:35 | Measurement 75: 1.893979 A
20:41:35 | Measurement 76: 0.023567 A
20:41:35 | Measurement 77: 0.137554 A
20:41:35 | Measurement 78: 0.114968 A
20:41:35 | Measurement 79: 0.115543 A
20:41:35 | Measurement 80: 0.069552 A
20:41:35 | Measurement 81: 0.181807 A
20:41:35 | Measurement 82: 0.117085 A
20:41:35 | Measurement 83: 0.023615 A
20:41:35 | Measurement 84: 0.136451 A
20:41:35 | Measurement 85: 0.034124 A
20:41:35 | Measurement 86: 0.147772 A
20:41:35 | Measurement 87: 0.113459 A
20:41:35 | Measurement 88: 0.131056 A
20:41:35 | Measurement 89: 0.048922 A
20:41:35 | Measurement 90: 0.133822 A
20:41:35 | Measurement 91: 0.043064 A
20:41:35 | Measurement 92: 0.053889 A
20:41:35 | Measurement 93: 0.128205 A
20:41:35 | Measurement 94: 0.083673 A
20:41:35 | Measurement 95: 2.982294 A
20:41:35 | Measurement 96: 0.090816 A
20:41:35 | Measurement 97: 0.197860 A
20:41:35 | Measurement 98: 0.027821 A
20:41:35 | Measurement 99: 0.247327 A
20:41:35 | Measurement 100: 0.101801 A
20:41:35 | Measurement 101: 0.074636 A
20:41:35 | Measurement 102: 0.129384 A
20:41:35 | Measurement 103: 0.071202 A
20:41:35 | Measurement 104: 0.197803 A
20:41:35 | Measurement 105: 0.296726 A
20:41:35 | Measurement 106: 0.068508 A
20:41:35 | Measurement 107: 0.072321 A
20:41:35 | Measurement 108: 0.794554 A
20:41:35 | Measurement 109: 0.110244 A
20:41:35 | Measurement 110: 0.052256 A
20:41:35 | Measurement 111: 0.065782 A
20:41:35 | Measurement 112: 1.127217 A
20:41:35 | Measurement 113: 0.174318 A
20:41:35 | Measurement 114: 0.014219 A
20:41:35 | Measurement 115: 0.029482 A
20:41:36 | Measurement 116: 1.079012 A
20:41:36 | Measurement 117: 0.041033 A
20:41:36 | Measurement 118: 0.054208 A
20:41:36 | Measurement 119: 0.101317 A
20:41:36 | Measurement 120: 0.326242 A
20:41:36 | Measurement 121: 0.057170 A
20:41:36 | Measurement 122: 0.180205 A
20:41:36 | Measurement 123: 0.102157 A
20:41:36 | Measurement 124: 0.364778 A
20:41:36 | Measurement 125: 0.384762 A
20:41:36 | Measurement 126: 0.122967 A
20:41:36 | Measurement 127: 0.198501 A
20:41:36 | Measurement 128: 0.085857 A
20:41:36 | Measurement 129: 1.673119 A
20:41:36 | Measurement 130: 0.099229 A
20:41:36 | Measurement 131: 0.075738 A
20:41:36 | Measurement 132: 0.044481 A
20:41:36 | Measurement 133: 0.027248 A
20:41:36 | Measurement 134: 0.151835 A
20:41:36 | Measurement 135: 0.209144 A
20:41:36 | Measurement 136: 0.028764 A
20:41:36 | Measurement 137: 0.038606 A
20:41:36 | Measurement 138: 0.068143 A
20:41:36 | Measurement 139: 0.068083 A
20:41:36 | Measurement 140: 0.068630 A
20:41:36 | Measurement 141: 0.191790 A
20:41:36 | Measurement 142: 0.102490 A
20:41:36 | Measurement 143: 0.070572 A
20:41:36 | Measurement 144: 0.040036 A
20:41:36 | Measurement 145: 0.188956 A
20:41:36 | Measurement 146: 0.098586 A
20:41:36 | Measurement 147: 0.086929 A
20:41:36 | Measurement 148: 0.362017 A
20:41:36 | Measurement 149: 0.119804 A

--- Sampling Summary ---
total_measurements: 149
requested_duration_s: 3
sampling_frequency_hz: 49.667
actual_runtime_s: 3.007
mean_current_a: 0.308204
median_current_a: 0.110244
std_dev_current_a: 0.769378
min_current_a: 0.014219
max_current_a: 7.744247
metadata: {'emulator': 'Greenlee', 'log_file': 'results\\greenlee\\20260309_204133_greenlee.log', 'start_time': '2026-03-09 20:41:33', 'end_time': '2026-03-09 20:41:36'}
