2026-03-23 01:28:00 | Sampling start for Greenlee
01:28:00 | Measurement 1: 0.174221 A
01:28:00 | Measurement 2: 0.245300 A
01:28:00 | Measurement 3: 0.117841 A
01:28:00 | Measurement 4: 2.729376 A
01:28:00 | Measurement 5: 0.034375 A
01:28:00 | Measurement 6: 0.356654 A
01:28:00 | Measurement 7: 0.054038 A
01:28:00 | Measurement 8: 0.351271 A
01:28:00 | Measurement 9: 0.193964 A
01:28:00 | Measurement 10: 0.039001 A
01:28:00 | Measurement 11: 0.065199 A
01:28:00 | Measurement 12: 0.158114 A
01:28:00 | Measurement 13: 0.063804 A
01:28:00 | Measurement 14: 0.080607 A
01:28:00 | Measurement 15: 0.127281 A
01:28:00 | Measurement 16: 0.091864 A
01:28:01 | Measurement 17: 0.130817 A
01:28:01 | Measurement 18: 0.290449 A
01:28:01 | Measurement 19: 0.012351 A
01:28:01 | Measurement 20: 0.146391 A
01:28:01 | Measurement 21: 0.200187 A
01:28:01 | Measurement 22: 0.044497 A
01:28:01 | Measurement 23: 0.078998 A
01:28:01 | Measurement 24: 0.128447 A
01:28:01 | Measurement 25: 0.029757 A
01:28:01 | Measurement 26: 0.025069 A
01:28:01 | Measurement 27: 0.078451 A
01:28:01 | Measurement 28: 0.073062 A
01:28:01 | Measurement 29: 0.393544 A
01:28:01 | Measurement 30: 0.129416 A
01:28:01 | Measurement 31: 0.419888 A
01:28:01 | Measurement 32: 0.134136 A
01:28:02 | Measurement 33: 0.021569 A
01:28:02 | Measurement 34: 0.036711 A
01:28:02 | Measurement 35: 0.028380 A
01:28:02 | Measurement 36: 0.093345 A
01:28:02 | Measurement 37: 0.049066 A
01:28:02 | Measurement 38: 0.102311 A
01:28:02 | Measurement 39: 0.019083 A
01:28:02 | Measurement 40: 0.077600 A
01:28:02 | Measurement 41: 0.444426 A
01:28:02 | Measurement 42: 0.036235 A
01:28:02 | Measurement 43: 0.025416 A
01:28:02 | Measurement 44: 0.390151 A
01:28:02 | Measurement 45: 0.202247 A
01:28:02 | Measurement 46: 0.069074 A
01:28:02 | Measurement 47: 0.100263 A
01:28:02 | Measurement 48: 0.102997 A
01:28:02 | Measurement 49: 0.094255 A

--- Sampling Summary ---
total_measurements: 49
requested_duration_s: 3
sampling_frequency_hz: 16.333
actual_runtime_s: 3.001
mean_current_a: 0.185541
median_current_a: 0.094255
std_dev_current_a: 0.388631
min_current_a: 0.012351
max_current_a: 2.729376
metadata: {'emulator': 'Greenlee', 'log_file': 'results\\greenlee\\20260323_012800_greenlee.log', 'start_time': '2026-03-23 01:28:00', 'end_time': '2026-03-23 01:28:03'}
