2026-03-09 00:43:06 | Sampling start for Greenlee
00:43:06 | Measurement 1: 0.127855 A
00:43:06 | Measurement 2: 0.270741 A
00:43:06 | Measurement 3: 0.068548 A
00:43:06 | Measurement 4: 0.551891 A
00:43:06 | Measurement 5: 0.089454 A
00:43:06 | Measurement 6: 1.919068 A
00:43:06 | Measurement 7: 0.051443 A
00:43:06 | Measurement 8: 0.739675 A
00:43:06 | Measurement 9: 3.555909 A
00:43:06 | Measurement 10: 0.107233 A
00:43:06 | Measurement 11: 0.125315 A
00:43:07 | Measurement 12: 0.493614 A
00:43:07 | Measurement 13: 1.898384 A
00:43:07 | Measurement 14: 0.708253 A
00:43:07 | Measurement 15: 0.072926 A
00:43:07 | Measurement 16: 0.201719 A
00:43:07 | Measurement 17: 1.767604 A
00:43:07 | Measurement 18: 0.039493 A
00:43:07 | Measurement 19: 0.047224 A
00:43:07 | Measurement 20: 0.207299 A
00:43:07 | Measurement 21: 0.314566 A
00:43:07 | Measurement 22: 0.086406 A
00:43:07 | Measurement 23: 0.175065 A
00:43:07 | Measurement 24: 0.044016 A
00:43:07 | Measurement 25: 0.744851 A
00:43:07 | Measurement 26: 0.562733 A
00:43:07 | Measurement 27: 0.600270 A
00:43:08 | Measurement 28: 0.176405 A
00:43:08 | Measurement 29: 31.218846 A
00:43:08 | Measurement 30: 0.054631 A
00:43:08 | Measurement 31: 0.013165 A
00:43:08 | Measurement 32: 0.038392 A
00:43:08 | Measurement 33: 0.058792 A
00:43:08 | Measurement 34: 0.133158 A
00:43:08 | Measurement 35: 0.121252 A
00:43:08 | Measurement 36: 0.551866 A
00:43:08 | Measurement 37: 0.017699 A
00:43:08 | Measurement 38: 0.038964 A
00:43:08 | Measurement 39: 0.111965 A
00:43:08 | Measurement 40: 0.131400 A
00:43:08 | Measurement 41: 1.737629 A
00:43:08 | Measurement 42: 0.086171 A
00:43:08 | Measurement 43: 0.027234 A
00:43:09 | Measurement 44: 0.038368 A
00:43:09 | Measurement 45: 0.021705 A
00:43:09 | Measurement 46: 0.128217 A
00:43:09 | Measurement 47: 0.112912 A
00:43:09 | Measurement 48: 0.954640 A
00:43:09 | Measurement 49: 0.158068 A

--- Sampling Summary ---
total_measurements: 49
requested_duration_s: 3
sampling_frequency_hz: 16.333
actual_runtime_s: 3.011
mean_current_a: 1.051082
median_current_a: 0.128217
std_dev_current_a: 4.451436
min_current_a: 0.013165
max_current_a: 31.218846
metadata: {'emulator': 'Greenlee', 'log_file': 'results\\greenlee\\20260309_004306_greenlee.log', 'start_time': '2026-03-09 00:43:06', 'end_time': '2026-03-09 00:43:09'}
