2026-03-09 22:02:50 | Sampling start for Greenlee
22:02:50 | Measurement 1: 0.068204 A
22:02:50 | Measurement 2: 0.075037 A
22:02:50 | Measurement 3: 4.650501 A
22:02:50 | Measurement 4: 0.515275 A
22:02:50 | Measurement 5: 0.072960 A
22:02:50 | Measurement 6: 0.017790 A
22:02:51 | Measurement 7: 0.190127 A
22:02:51 | Measurement 8: 0.083683 A
22:02:51 | Measurement 9: 0.083780 A
22:02:51 | Measurement 10: 0.097080 A
22:02:51 | Measurement 11: 0.065264 A
22:02:51 | Measurement 12: 0.152099 A
22:02:51 | Measurement 13: 0.206494 A
22:02:51 | Measurement 14: 0.038359 A
22:02:51 | Measurement 15: 0.162954 A
22:02:51 | Measurement 16: 0.048405 A
22:02:51 | Measurement 17: 0.053068 A
22:02:51 | Measurement 18: 17.475306 A
22:02:51 | Measurement 19: 0.052520 A
22:02:51 | Measurement 20: 0.033294 A
22:02:51 | Measurement 21: 0.238198 A
22:02:51 | Measurement 22: 0.023634 A
22:02:52 | Measurement 23: 0.130587 A
22:02:52 | Measurement 24: 0.037516 A
22:02:52 | Measurement 25: 0.047480 A
22:02:52 | Measurement 26: 0.101113 A
22:02:52 | Measurement 27: 0.188619 A
22:02:52 | Measurement 28: 0.182371 A
22:02:52 | Measurement 29: 0.033568 A
22:02:52 | Measurement 30: 0.021296 A
22:02:52 | Measurement 31: 0.518387 A
22:02:52 | Measurement 32: 0.141885 A
22:02:52 | Measurement 33: 0.060694 A
22:02:52 | Measurement 34: 0.058377 A
22:02:52 | Measurement 35: 0.107770 A
22:02:52 | Measurement 36: 0.041963 A
22:02:52 | Measurement 37: 0.171040 A
22:02:52 | Measurement 38: 0.100893 A
22:02:52 | Measurement 39: 0.154374 A
22:02:53 | Measurement 40: 0.334149 A
22:02:53 | Measurement 41: 0.133999 A
22:02:53 | Measurement 42: 0.133969 A
22:02:53 | Measurement 43: 0.095351 A
22:02:53 | Measurement 44: 0.161678 A
22:02:53 | Measurement 45: 0.094193 A
22:02:53 | Measurement 46: 0.050919 A
22:02:53 | Measurement 47: 0.060198 A
22:02:53 | Measurement 48: 0.188383 A
22:02:53 | Measurement 49: 0.080734 A

--- Sampling Summary ---
total_measurements: 49
requested_duration_s: 3
sampling_frequency_hz: 16.333
actual_runtime_s: 3.009
mean_current_a: 0.568072
median_current_a: 0.095351
std_dev_current_a: 2.551226
min_current_a: 0.01779
max_current_a: 17.475306
metadata: {'emulator': 'Greenlee', 'log_file': 'results\\greenlee\\20260309_220250_greenlee.log', 'start_time': '2026-03-09 22:02:50', 'end_time': '2026-03-09 22:02:53'}
