2026-03-09 20:48:00 | Sampling start for Greenlee
20:48:00 | Measurement 1: 0.128120 A
20:48:00 | Measurement 2: 0.018038 A
20:48:00 | Measurement 3: 7.907352 A
20:48:00 | Measurement 4: 0.068147 A
20:48:00 | Measurement 5: 0.047613 A
20:48:00 | Measurement 6: 0.100024 A
20:48:00 | Measurement 7: 0.110310 A
20:48:00 | Measurement 8: 0.065166 A
20:48:00 | Measurement 9: 0.131815 A
20:48:00 | Measurement 10: 0.158419 A
20:48:00 | Measurement 11: 0.115879 A
20:48:00 | Measurement 12: 0.387450 A
20:48:00 | Measurement 13: 0.097097 A
20:48:00 | Measurement 14: 0.195237 A
20:48:00 | Measurement 15: 0.146739 A
20:48:00 | Measurement 16: 0.020632 A
20:48:00 | Measurement 17: 0.433068 A
20:48:00 | Measurement 18: 0.017332 A
20:48:00 | Measurement 19: 0.082653 A
20:48:00 | Measurement 20: 0.772027 A
20:48:00 | Measurement 21: 0.039949 A
20:48:00 | Measurement 22: 0.043383 A
20:48:00 | Measurement 23: 0.126089 A
20:48:00 | Measurement 24: 3.146696 A
20:48:00 | Measurement 25: 0.086194 A
20:48:00 | Measurement 26: 0.177309 A
20:48:00 | Measurement 27: 0.098781 A
20:48:00 | Measurement 28: 0.084171 A
20:48:00 | Measurement 29: 0.066811 A
20:48:00 | Measurement 30: 0.058530 A
20:48:00 | Measurement 31: 0.391468 A
20:48:00 | Measurement 32: 0.042879 A
20:48:00 | Measurement 33: 0.136563 A
20:48:00 | Measurement 34: 0.111460 A
20:48:00 | Measurement 35: 0.192619 A
20:48:00 | Measurement 36: 0.162730 A
20:48:00 | Measurement 37: 0.082892 A
20:48:00 | Measurement 38: 0.084922 A
20:48:00 | Measurement 39: 0.087328 A
20:48:00 | Measurement 40: 0.499275 A
20:48:00 | Measurement 41: 0.059792 A
20:48:00 | Measurement 42: 0.096004 A
20:48:00 | Measurement 43: 0.099342 A
20:48:00 | Measurement 44: 0.261798 A
20:48:00 | Measurement 45: 0.223645 A
20:48:00 | Measurement 46: 0.240861 A
20:48:00 | Measurement 47: 0.132308 A
20:48:00 | Measurement 48: 0.105831 A
20:48:00 | Measurement 49: 0.031233 A
20:48:00 | Measurement 50: 0.179358 A
20:48:00 | Measurement 51: 0.173533 A
20:48:00 | Measurement 52: 0.045187 A
20:48:00 | Measurement 53: 0.020950 A
20:48:00 | Measurement 54: 0.713111 A
20:48:00 | Measurement 55: 0.197202 A
20:48:00 | Measurement 56: 0.331799 A
20:48:00 | Measurement 57: 0.019246 A
20:48:00 | Measurement 58: 1.449182 A
20:48:00 | Measurement 59: 0.083712 A
20:48:00 | Measurement 60: 0.624826 A
20:48:00 | Measurement 61: 0.184618 A
20:48:00 | Measurement 62: 0.110258 A
20:48:00 | Measurement 63: 0.272308 A
20:48:00 | Measurement 64: 0.538546 A
20:48:00 | Measurement 65: 0.066839 A
20:48:00 | Measurement 66: 18.030078 A
20:48:00 | Measurement 67: 0.167316 A
20:48:00 | Measurement 68: 0.053680 A
20:48:00 | Measurement 69: 0.023950 A
20:48:00 | Measurement 70: 0.094705 A
20:48:00 | Measurement 71: 0.135606 A
20:48:00 | Measurement 72: 0.048464 A
20:48:00 | Measurement 73: 0.090489 A
20:48:00 | Measurement 74: 5.700763 A
20:48:00 | Measurement 75: 0.039094 A
20:48:00 | Measurement 76: 0.077930 A
20:48:00 | Measurement 77: 0.052213 A
20:48:00 | Measurement 78: 1.000309 A
20:48:00 | Measurement 79: 0.084088 A
20:48:00 | Measurement 80: 0.026862 A
20:48:00 | Measurement 81: 0.160456 A
20:48:00 | Measurement 82: 0.013919 A
20:48:00 | Measurement 83: 0.118251 A
20:48:00 | Measurement 84: 0.118598 A
20:48:00 | Measurement 85: 0.122319 A
20:48:00 | Measurement 86: 1.781401 A
20:48:00 | Measurement 87: 0.045626 A
20:48:00 | Measurement 88: 0.985823 A
20:48:00 | Measurement 89: 0.058510 A
20:48:00 | Measurement 90: 5.421831 A
20:48:00 | Measurement 91: 0.065166 A
20:48:00 | Measurement 92: 0.310614 A
20:48:00 | Measurement 93: 0.125069 A
20:48:00 | Measurement 94: 0.077533 A
20:48:00 | Measurement 95: 0.070247 A
20:48:00 | Measurement 96: 2.406138 A
20:48:00 | Measurement 97: 0.105897 A
20:48:00 | Measurement 98: 0.108712 A
20:48:00 | Measurement 99: 0.187340 A
20:48:00 | Measurement 100: 0.199268 A
20:48:00 | Measurement 101: 0.830760 A
20:48:00 | Measurement 102: 1.587517 A
20:48:00 | Measurement 103: 0.074596 A
20:48:00 | Measurement 104: 0.081880 A
20:48:00 | Measurement 105: 0.605962 A
20:48:01 | Measurement 106: 0.255082 A
20:48:01 | Measurement 107: 0.068283 A
20:48:01 | Measurement 108: 0.075464 A
20:48:01 | Measurement 109: 0.112815 A
20:48:01 | Measurement 110: 0.101068 A
20:48:01 | Measurement 111: 0.538408 A
20:48:01 | Measurement 112: 0.107781 A
20:48:01 | Measurement 113: 0.210834 A
20:48:01 | Measurement 114: 0.120673 A
20:48:01 | Measurement 115: 0.042800 A
20:48:01 | Measurement 116: 0.037013 A
20:48:01 | Measurement 117: 0.164695 A
20:48:01 | Measurement 118: 0.350103 A
20:48:01 | Measurement 119: 0.202934 A
20:48:01 | Measurement 120: 0.214354 A
20:48:01 | Measurement 121: 0.062220 A
20:48:01 | Measurement 122: 0.912157 A
20:48:01 | Measurement 123: 0.465779 A
20:48:01 | Measurement 124: 0.261686 A
20:48:01 | Measurement 125: 0.075323 A
20:48:01 | Measurement 126: 0.094780 A
20:48:01 | Measurement 127: 0.032233 A
20:48:01 | Measurement 128: 0.140237 A
20:48:01 | Measurement 129: 0.061558 A
20:48:01 | Measurement 130: 0.291053 A
20:48:01 | Measurement 131: 0.075854 A
20:48:01 | Measurement 132: 0.120776 A
20:48:01 | Measurement 133: 0.091825 A
20:48:01 | Measurement 134: 0.064179 A
20:48:01 | Measurement 135: 0.069972 A
20:48:01 | Measurement 136: 0.070777 A
20:48:01 | Measurement 137: 0.148158 A
20:48:01 | Measurement 138: 0.211339 A
20:48:01 | Measurement 139: 0.161387 A
20:48:01 | Measurement 140: 0.064825 A
20:48:01 | Measurement 141: 0.151460 A
20:48:01 | Measurement 142: 0.095289 A
20:48:01 | Measurement 143: 0.134741 A
20:48:01 | Measurement 144: 0.089528 A
20:48:01 | Measurement 145: 0.528630 A
20:48:01 | Measurement 146: 0.285303 A
20:48:01 | Measurement 147: 0.854480 A
20:48:01 | Measurement 148: 0.238412 A
20:48:01 | Measurement 149: 0.226382 A
20:48:01 | Measurement 150: 0.065891 A
20:48:01 | Measurement 151: 0.821375 A
20:48:01 | Measurement 152: 0.133014 A
20:48:01 | Measurement 153: 0.147551 A
20:48:01 | Measurement 154: 0.134922 A
20:48:01 | Measurement 155: 0.083074 A
20:48:01 | Measurement 156: 0.025730 A
20:48:01 | Measurement 157: 0.081624 A
20:48:01 | Measurement 158: 0.412320 A
20:48:01 | Measurement 159: 0.126736 A
20:48:01 | Measurement 160: 0.270076 A
20:48:01 | Measurement 161: 0.051402 A
20:48:01 | Measurement 162: 0.122879 A
20:48:01 | Measurement 163: 0.081229 A
20:48:01 | Measurement 164: 0.187156 A
20:48:01 | Measurement 165: 0.208521 A
20:48:01 | Measurement 166: 0.103438 A
20:48:01 | Measurement 167: 0.067258 A
20:48:01 | Measurement 168: 0.501725 A
20:48:01 | Measurement 169: 0.048334 A
20:48:01 | Measurement 170: 25.245855 A
20:48:01 | Measurement 171: 0.238015 A
20:48:01 | Measurement 172: 0.038700 A
20:48:01 | Measurement 173: 0.106163 A
20:48:01 | Measurement 174: 0.045647 A
20:48:01 | Measurement 175: 0.031573 A
20:48:01 | Measurement 176: 0.155438 A
20:48:01 | Measurement 177: 0.014498 A
20:48:01 | Measurement 178: 0.158316 A
20:48:01 | Measurement 179: 0.288331 A
20:48:01 | Measurement 180: 0.089503 A
20:48:01 | Measurement 181: 0.039848 A
20:48:01 | Measurement 182: 0.013243 A
20:48:01 | Measurement 183: 0.336328 A
20:48:01 | Measurement 184: 0.065543 A
20:48:01 | Measurement 185: 0.076931 A
20:48:01 | Measurement 186: 0.351537 A
20:48:01 | Measurement 187: 0.175427 A
20:48:01 | Measurement 188: 0.208400 A
20:48:01 | Measurement 189: 3.819546 A
20:48:01 | Measurement 190: 0.254151 A
20:48:01 | Measurement 191: 0.249069 A
20:48:01 | Measurement 192: 0.708517 A
20:48:01 | Measurement 193: 0.024093 A
20:48:01 | Measurement 194: 0.189816 A
20:48:01 | Measurement 195: 0.234743 A
20:48:01 | Measurement 196: 1.379913 A
20:48:01 | Measurement 197: 0.124790 A
20:48:01 | Measurement 198: 0.024573 A
20:48:01 | Measurement 199: 0.174195 A
20:48:01 | Measurement 200: 0.071861 A
20:48:01 | Measurement 201: 0.081832 A
20:48:01 | Measurement 202: 0.117809 A
20:48:01 | Measurement 203: 0.064382 A
20:48:01 | Measurement 204: 0.118654 A
20:48:01 | Measurement 205: 1.127894 A
20:48:01 | Measurement 206: 0.112381 A
20:48:01 | Measurement 207: 0.096099 A
20:48:01 | Measurement 208: 0.109018 A
20:48:01 | Measurement 209: 0.136628 A
20:48:01 | Measurement 210: 0.026052 A
20:48:01 | Measurement 211: 0.992602 A
20:48:01 | Measurement 212: 0.081082 A
20:48:01 | Measurement 213: 0.015245 A
20:48:01 | Measurement 214: 0.021915 A
20:48:01 | Measurement 215: 0.072730 A
20:48:01 | Measurement 216: 0.079986 A
20:48:01 | Measurement 217: 0.061627 A
20:48:01 | Measurement 218: 0.061927 A
20:48:01 | Measurement 219: 0.156308 A
20:48:01 | Measurement 220: 0.057317 A
20:48:01 | Measurement 221: 0.088929 A
20:48:02 | Measurement 222: 0.064930 A
20:48:02 | Measurement 223: 0.159984 A
20:48:02 | Measurement 224: 0.054669 A
20:48:02 | Measurement 225: 0.022347 A
20:48:02 | Measurement 226: 0.086463 A
20:48:02 | Measurement 227: 0.129398 A
20:48:02 | Measurement 228: 0.112175 A
20:48:02 | Measurement 229: 0.249091 A
20:48:02 | Measurement 230: 0.063141 A
20:48:02 | Measurement 231: 0.183609 A
20:48:02 | Measurement 232: 0.052659 A
20:48:02 | Measurement 233: 0.084707 A
20:48:02 | Measurement 234: 0.119540 A
20:48:02 | Measurement 235: 0.132817 A
20:48:02 | Measurement 236: 0.156132 A
20:48:02 | Measurement 237: 0.216295 A
20:48:02 | Measurement 238: 5.651956 A
20:48:02 | Measurement 239: 0.171518 A
20:48:02 | Measurement 240: 0.064742 A
20:48:02 | Measurement 241: 0.080236 A
20:48:02 | Measurement 242: 0.738383 A
20:48:02 | Measurement 243: 0.115494 A
20:48:02 | Measurement 244: 0.189670 A
20:48:02 | Measurement 245: 0.049507 A
20:48:02 | Measurement 246: 0.221312 A
20:48:02 | Measurement 247: 0.329316 A
20:48:02 | Measurement 248: 0.075560 A
20:48:02 | Measurement 249: 0.011972 A
20:48:02 | Measurement 250: 0.149038 A
20:48:02 | Measurement 251: 0.115869 A
20:48:02 | Measurement 252: 0.123492 A
20:48:02 | Measurement 253: 0.067659 A
20:48:02 | Measurement 254: 0.074772 A
20:48:02 | Measurement 255: 0.063005 A
20:48:02 | Measurement 256: 0.077443 A
20:48:02 | Measurement 257: 0.013014 A
20:48:02 | Measurement 258: 0.057637 A
20:48:02 | Measurement 259: 0.038807 A
20:48:02 | Measurement 260: 0.107310 A
20:48:02 | Measurement 261: 0.132555 A
20:48:02 | Measurement 262: 0.108254 A
20:48:02 | Measurement 263: 0.036981 A
20:48:02 | Measurement 264: 0.031126 A
20:48:02 | Measurement 265: 0.030391 A
20:48:02 | Measurement 266: 0.092132 A
20:48:02 | Measurement 267: 0.095818 A
20:48:02 | Measurement 268: 0.073332 A
20:48:02 | Measurement 269: 0.532104 A
20:48:02 | Measurement 270: 0.107927 A
20:48:02 | Measurement 271: 0.160421 A
20:48:02 | Measurement 272: 0.023549 A
20:48:02 | Measurement 273: 0.028270 A
20:48:02 | Measurement 274: 0.113972 A
20:48:02 | Measurement 275: 0.124029 A
20:48:02 | Measurement 276: 0.757710 A
20:48:02 | Measurement 277: 0.040508 A
20:48:02 | Measurement 278: 0.340323 A
20:48:02 | Measurement 279: 0.015908 A
20:48:02 | Measurement 280: 0.100033 A
20:48:02 | Measurement 281: 0.307222 A
20:48:02 | Measurement 282: 1.388638 A
20:48:02 | Measurement 283: 1.221743 A
20:48:02 | Measurement 284: 0.041606 A
20:48:02 | Measurement 285: 0.106101 A
20:48:02 | Measurement 286: 0.016178 A
20:48:02 | Measurement 287: 0.115750 A
20:48:02 | Measurement 288: 0.033848 A
20:48:02 | Measurement 289: 0.255738 A
20:48:02 | Measurement 290: 0.046293 A
20:48:02 | Measurement 291: 0.090568 A
20:48:02 | Measurement 292: 0.235760 A
20:48:02 | Measurement 293: 0.428523 A
20:48:02 | Measurement 294: 0.099642 A
20:48:02 | Measurement 295: 0.464209 A
20:48:02 | Measurement 296: 0.041071 A
20:48:02 | Measurement 297: 0.181656 A
20:48:02 | Measurement 298: 0.084201 A
20:48:02 | Measurement 299: 0.076728 A
20:48:02 | Measurement 300: 0.762380 A
20:48:02 | Measurement 301: 0.062860 A
20:48:02 | Measurement 302: 0.119642 A
20:48:02 | Measurement 303: 0.108046 A
20:48:02 | Measurement 304: 0.118673 A
20:48:02 | Measurement 305: 0.026661 A
20:48:02 | Measurement 306: 0.116550 A
20:48:02 | Measurement 307: 0.082495 A
20:48:02 | Measurement 308: 0.136390 A
20:48:02 | Measurement 309: 0.066783 A
20:48:02 | Measurement 310: 0.329110 A
20:48:02 | Measurement 311: 0.060598 A
20:48:02 | Measurement 312: 0.106446 A
20:48:02 | Measurement 313: 0.125208 A
20:48:02 | Measurement 314: 0.341980 A
20:48:02 | Measurement 315: 0.059103 A
20:48:02 | Measurement 316: 0.311181 A
20:48:02 | Measurement 317: 0.057991 A
20:48:02 | Measurement 318: 0.102436 A
20:48:02 | Measurement 319: 0.138246 A
20:48:02 | Measurement 320: 0.054462 A
20:48:02 | Measurement 321: 2.880512 A
20:48:02 | Measurement 322: 0.120091 A
20:48:02 | Measurement 323: 0.087526 A
20:48:02 | Measurement 324: 0.055845 A
20:48:02 | Measurement 325: 0.260437 A
20:48:02 | Measurement 326: 0.093828 A
20:48:02 | Measurement 327: 0.020855 A
20:48:02 | Measurement 328: 0.095256 A
20:48:02 | Measurement 329: 0.124067 A
20:48:02 | Measurement 330: 0.066473 A
20:48:02 | Measurement 331: 0.214273 A
20:48:02 | Measurement 332: 0.071257 A
20:48:02 | Measurement 333: 0.045689 A
20:48:02 | Measurement 334: 0.470062 A
20:48:02 | Measurement 335: 0.252533 A
20:48:02 | Measurement 336: 0.140212 A
20:48:02 | Measurement 337: 0.096454 A
20:48:03 | Measurement 338: 0.042470 A
20:48:03 | Measurement 339: 0.225217 A
20:48:03 | Measurement 340: 0.164470 A
20:48:03 | Measurement 341: 0.092966 A
20:48:03 | Measurement 342: 1.414953 A
20:48:03 | Measurement 343: 0.135994 A
20:48:03 | Measurement 344: 0.130311 A
20:48:03 | Measurement 345: 0.063318 A
20:48:03 | Measurement 346: 0.179571 A
20:48:03 | Measurement 347: 0.060373 A
20:48:03 | Measurement 348: 0.014842 A
20:48:03 | Measurement 349: 0.101419 A

--- Sampling Summary ---
total_measurements: 349
requested_duration_s: 3
sampling_frequency_hz: 116.333
actual_runtime_s: 3.004
mean_current_a: 0.415216
median_current_a: 0.110258
std_dev_current_a: 1.803899
min_current_a: 0.011972
max_current_a: 25.245855
metadata: {'emulator': 'Greenlee', 'log_file': 'results\\greenlee\\20260309_204800_greenlee.log', 'start_time': '2026-03-09 20:48:00', 'end_time': '2026-03-09 20:48:03'}
