2026-03-10 00:41:06 | Sampling start for Greenlee
00:41:06 | Measurement 1: 0.082167 A
00:41:06 | Measurement 2: 3.357594 A
00:41:06 | Measurement 3: 0.808563 A
00:41:06 | Measurement 4: 0.059277 A
00:41:06 | Measurement 5: 0.030099 A
00:41:06 | Measurement 6: 1.160494 A
00:41:06 | Measurement 7: 0.197614 A
00:41:06 | Measurement 8: 0.099868 A
00:41:06 | Measurement 9: 0.115656 A
00:41:06 | Measurement 10: 0.084479 A
00:41:06 | Measurement 11: 0.064538 A
00:41:06 | Measurement 12: 0.066357 A
00:41:06 | Measurement 13: 0.322517 A
00:41:06 | Measurement 14: 0.044034 A
00:41:06 | Measurement 15: 0.153328 A
00:41:06 | Measurement 16: 0.123565 A
00:41:06 | Measurement 17: 0.093426 A
00:41:06 | Measurement 18: 0.071025 A
00:41:06 | Measurement 19: 0.046060 A
00:41:06 | Measurement 20: 0.106526 A
00:41:06 | Measurement 21: 0.167002 A
00:41:06 | Measurement 22: 0.130633 A
00:41:06 | Measurement 23: 0.056263 A
00:41:06 | Measurement 24: 0.043213 A
00:41:06 | Measurement 25: 1.715286 A
00:41:06 | Measurement 26: 0.092752 A
00:41:06 | Measurement 27: 0.054445 A
00:41:06 | Measurement 28: 0.074081 A
00:41:06 | Measurement 29: 0.014969 A
00:41:06 | Measurement 30: 0.081843 A
00:41:06 | Measurement 31: 0.187606 A
00:41:06 | Measurement 32: 0.155776 A
00:41:06 | Measurement 33: 0.270621 A
00:41:06 | Measurement 34: 0.207461 A
00:41:06 | Measurement 35: 1.477373 A
00:41:06 | Measurement 36: 0.023570 A
00:41:06 | Measurement 37: 0.080526 A
00:41:06 | Measurement 38: 0.052179 A
00:41:06 | Measurement 39: 0.986279 A
00:41:06 | Measurement 40: 0.066043 A
00:41:06 | Measurement 41: 0.189985 A
00:41:06 | Measurement 42: 0.108175 A
00:41:06 | Measurement 43: 0.071015 A
00:41:06 | Measurement 44: 0.079295 A
00:41:06 | Measurement 45: 0.129446 A
00:41:06 | Measurement 46: 0.077833 A
00:41:06 | Measurement 47: 0.063923 A
00:41:06 | Measurement 48: 0.270955 A
00:41:06 | Measurement 49: 0.203826 A
00:41:06 | Measurement 50: 0.011670 A
00:41:06 | Measurement 51: 0.050347 A
00:41:06 | Measurement 52: 0.090727 A
00:41:06 | Measurement 53: 0.149755 A
00:41:06 | Measurement 54: 0.351982 A
00:41:06 | Measurement 55: 0.080431 A
00:41:06 | Measurement 56: 0.048414 A
00:41:06 | Measurement 57: 0.090938 A
00:41:06 | Measurement 58: 0.319029 A
00:41:06 | Measurement 59: 0.152663 A
00:41:06 | Measurement 60: 0.017038 A
00:41:06 | Measurement 61: 0.195463 A
00:41:06 | Measurement 62: 0.047399 A
00:41:06 | Measurement 63: 0.348997 A
00:41:06 | Measurement 64: 0.165436 A
00:41:06 | Measurement 65: 0.049624 A
00:41:06 | Measurement 66: 0.093634 A
00:41:06 | Measurement 67: 0.109310 A
00:41:06 | Measurement 68: 0.504533 A
00:41:06 | Measurement 69: 0.152621 A
00:41:06 | Measurement 70: 0.583041 A
00:41:06 | Measurement 71: 0.171639 A
00:41:06 | Measurement 72: 0.213870 A
00:41:06 | Measurement 73: 0.219331 A
00:41:07 | Measurement 74: 0.043737 A
00:41:07 | Measurement 75: 0.329646 A
00:41:07 | Measurement 76: 0.059306 A
00:41:07 | Measurement 77: 0.674115 A
00:41:07 | Measurement 78: 0.063560 A
00:41:07 | Measurement 79: 0.055145 A
00:41:07 | Measurement 80: 0.211831 A
00:41:07 | Measurement 81: 0.303124 A
00:41:07 | Measurement 82: 0.203414 A
00:41:07 | Measurement 83: 0.183474 A
00:41:07 | Measurement 84: 0.086472 A
00:41:07 | Measurement 85: 0.202149 A
00:41:07 | Measurement 86: 0.016651 A
00:41:07 | Measurement 87: 0.116535 A
00:41:07 | Measurement 88: 3.044940 A
00:41:07 | Measurement 89: 0.255104 A
00:41:07 | Measurement 90: 0.061899 A
00:41:07 | Measurement 91: 0.095682 A
00:41:07 | Measurement 92: 0.095174 A
00:41:07 | Measurement 93: 0.074767 A
00:41:07 | Measurement 94: 0.055882 A
00:41:07 | Measurement 95: 0.061498 A
00:41:07 | Measurement 96: 0.070539 A
00:41:07 | Measurement 97: 0.209262 A
00:41:07 | Measurement 98: 0.049717 A
00:41:07 | Measurement 99: 0.323219 A
00:41:07 | Measurement 100: 0.059270 A
00:41:07 | Measurement 101: 0.278215 A
00:41:07 | Measurement 102: 0.396643 A
00:41:07 | Measurement 103: 0.082827 A
00:41:07 | Measurement 104: 0.094475 A
00:41:07 | Measurement 105: 0.077855 A
00:41:07 | Measurement 106: 0.163991 A
00:41:07 | Measurement 107: 0.046576 A
00:41:07 | Measurement 108: 0.064081 A
00:41:07 | Measurement 109: 0.066484 A
00:41:07 | Measurement 110: 0.083322 A
00:41:07 | Measurement 111: 0.206664 A
00:41:07 | Measurement 112: 0.054162 A
00:41:07 | Measurement 113: 0.384629 A
00:41:07 | Measurement 114: 0.567384 A
00:41:07 | Measurement 115: 0.036517 A
00:41:07 | Measurement 116: 0.074857 A
00:41:07 | Measurement 117: 0.166568 A
00:41:07 | Measurement 118: 0.038772 A
00:41:07 | Measurement 119: 0.248089 A
00:41:07 | Measurement 120: 0.496589 A
00:41:07 | Measurement 121: 0.114954 A
00:41:07 | Measurement 122: 0.180866 A
00:41:07 | Measurement 123: 0.226185 A
00:41:07 | Measurement 124: 0.111825 A
00:41:07 | Measurement 125: 2.289292 A
00:41:07 | Measurement 126: 0.339100 A
00:41:07 | Measurement 127: 0.057705 A
00:41:07 | Measurement 128: 0.050675 A
00:41:07 | Measurement 129: 0.044064 A
00:41:07 | Measurement 130: 0.051961 A
00:41:07 | Measurement 131: 0.133249 A
00:41:07 | Measurement 132: 0.137315 A
00:41:07 | Measurement 133: 0.114506 A
00:41:07 | Measurement 134: 0.557543 A
00:41:07 | Measurement 135: 0.045245 A
00:41:07 | Measurement 136: 0.484691 A
00:41:07 | Measurement 137: 0.084944 A
00:41:07 | Measurement 138: 0.034286 A
00:41:07 | Measurement 139: 0.141408 A
00:41:07 | Measurement 140: 0.125317 A
00:41:07 | Measurement 141: 1.294674 A
00:41:07 | Measurement 142: 0.019031 A
00:41:07 | Measurement 143: 0.061124 A
00:41:07 | Measurement 144: 0.083599 A
00:41:07 | Measurement 145: 0.088729 A
00:41:07 | Measurement 146: 0.082334 A
00:41:07 | Measurement 147: 0.062500 A
00:41:07 | Measurement 148: 0.097791 A
00:41:07 | Measurement 149: 0.052899 A
00:41:07 | Measurement 150: 0.093991 A
00:41:07 | Measurement 151: 0.182743 A
00:41:07 | Measurement 152: 0.146515 A
00:41:07 | Measurement 153: 0.179080 A
00:41:07 | Measurement 154: 0.055481 A
00:41:07 | Measurement 155: 0.027912 A
00:41:07 | Measurement 156: 0.080536 A
00:41:07 | Measurement 157: 0.120102 A
00:41:08 | Measurement 158: 0.068373 A
00:41:08 | Measurement 159: 0.055760 A
00:41:08 | Measurement 160: 0.046683 A
00:41:08 | Measurement 161: 0.170053 A
00:41:08 | Measurement 162: 0.107393 A
00:41:08 | Measurement 163: 0.679453 A
00:41:08 | Measurement 164: 0.073735 A
00:41:08 | Measurement 165: 0.142294 A
00:41:08 | Measurement 166: 0.083162 A
00:41:08 | Measurement 167: 0.162513 A
00:41:08 | Measurement 168: 0.023809 A
00:41:08 | Measurement 169: 0.042643 A
00:41:08 | Measurement 170: 0.084860 A
00:41:08 | Measurement 171: 0.168345 A
00:41:08 | Measurement 172: 0.077577 A
00:41:08 | Measurement 173: 0.060176 A
00:41:08 | Measurement 174: 0.072374 A
00:41:08 | Measurement 175: 0.088448 A
00:41:08 | Measurement 176: 0.297928 A
00:41:08 | Measurement 177: 0.099579 A
00:41:08 | Measurement 178: 0.021164 A
00:41:08 | Measurement 179: 0.043245 A
00:41:08 | Measurement 180: 0.118609 A
00:41:08 | Measurement 181: 0.099295 A
00:41:08 | Measurement 182: 0.253998 A
00:41:08 | Measurement 183: 0.129713 A
00:41:08 | Measurement 184: 0.223266 A
00:41:08 | Measurement 185: 0.195030 A
00:41:08 | Measurement 186: 1.753702 A
00:41:08 | Measurement 187: 0.048498 A
00:41:08 | Measurement 188: 0.953643 A
00:41:08 | Measurement 189: 1.595987 A
00:41:08 | Measurement 190: 0.098152 A
00:41:08 | Measurement 191: 0.785392 A
00:41:08 | Measurement 192: 0.972659 A
00:41:08 | Measurement 193: 0.108227 A
00:41:08 | Measurement 194: 0.057036 A
00:41:08 | Measurement 195: 4.293643 A
00:41:08 | Measurement 196: 0.101145 A
00:41:08 | Measurement 197: 0.117028 A
00:41:08 | Measurement 198: 0.240173 A
00:41:08 | Measurement 199: 0.066246 A
00:41:08 | Measurement 200: 0.116575 A
00:41:08 | Measurement 201: 0.131250 A
00:41:08 | Measurement 202: 0.151671 A
00:41:08 | Measurement 203: 0.080953 A
00:41:08 | Measurement 204: 0.019477 A
00:41:08 | Measurement 205: 0.057804 A
00:41:08 | Measurement 206: 0.042694 A
00:41:08 | Measurement 207: 0.120897 A
00:41:08 | Measurement 208: 0.053295 A
00:41:08 | Measurement 209: 0.471566 A
00:41:08 | Measurement 210: 0.035964 A
00:41:08 | Measurement 211: 0.251849 A
00:41:08 | Measurement 212: 0.067797 A
00:41:08 | Measurement 213: 0.076121 A
00:41:08 | Measurement 214: 0.074799 A
00:41:08 | Measurement 215: 0.066333 A
00:41:08 | Measurement 216: 0.172939 A
00:41:08 | Measurement 217: 0.067152 A
00:41:08 | Measurement 218: 0.316376 A
00:41:08 | Measurement 219: 0.268776 A
00:41:08 | Measurement 220: 0.191311 A
00:41:08 | Measurement 221: 0.135222 A
00:41:08 | Measurement 222: 0.123053 A
00:41:08 | Measurement 223: 1.336663 A
00:41:08 | Measurement 224: 0.012615 A
00:41:08 | Measurement 225: 0.936893 A
00:41:08 | Measurement 226: 0.117104 A
00:41:08 | Measurement 227: 0.064548 A
00:41:08 | Measurement 228: 0.150095 A
00:41:08 | Measurement 229: 0.143119 A
00:41:08 | Measurement 230: 0.015384 A
00:41:08 | Measurement 231: 0.126742 A
00:41:08 | Measurement 232: 0.038137 A
00:41:08 | Measurement 233: 0.126638 A
00:41:08 | Measurement 234: 0.117305 A
00:41:08 | Measurement 235: 0.027711 A
00:41:08 | Measurement 236: 0.659617 A
00:41:08 | Measurement 237: 0.085390 A
00:41:08 | Measurement 238: 0.156836 A
00:41:08 | Measurement 239: 0.345205 A
00:41:08 | Measurement 240: 0.367581 A
00:41:09 | Measurement 241: 0.108529 A
00:41:09 | Measurement 242: 0.012117 A
00:41:09 | Measurement 243: 4.377198 A
00:41:09 | Measurement 244: 0.089327 A
00:41:09 | Measurement 245: 0.062139 A
00:41:09 | Measurement 246: 0.194245 A
00:41:09 | Measurement 247: 0.033705 A
00:41:09 | Measurement 248: 0.042391 A
00:41:09 | Measurement 249: 0.106073 A

--- Sampling Summary ---
total_measurements: 249
requested_duration_s: 3
sampling_frequency_hz: 83.0
actual_runtime_s: 3.011
mean_current_a: 0.260862
median_current_a: 0.106073
std_dev_current_a: 0.549456
min_current_a: 0.01167
max_current_a: 4.377198
metadata: {'emulator': 'Greenlee', 'log_file': 'results\\greenlee\\20260310_004106_greenlee.log', 'start_time': '2026-03-10 00:41:06', 'end_time': '2026-03-10 00:41:09'}
