2026-03-22 23:35:56 | Sampling start for Greenlee
23:35:56 | Measurement 1: 0.075358 A
23:35:56 | Measurement 2: 0.094785 A
23:35:56 | Measurement 3: 0.111219 A
23:35:56 | Measurement 4: 0.248307 A
23:35:56 | Measurement 5: 0.167558 A
23:35:56 | Measurement 6: 8.154075 A
23:35:56 | Measurement 7: 0.109556 A
23:35:56 | Measurement 8: 0.142730 A
23:35:56 | Measurement 9: 0.081257 A
23:35:57 | Measurement 10: 0.026652 A
23:35:57 | Measurement 11: 0.404957 A
23:35:57 | Measurement 12: 0.175671 A
23:35:57 | Measurement 13: 0.095048 A
23:35:57 | Measurement 14: 0.038604 A
23:35:57 | Measurement 15: 0.133003 A
23:35:57 | Measurement 16: 0.091324 A
23:35:57 | Measurement 17: 0.110328 A
23:35:57 | Measurement 18: 0.053048 A
23:35:57 | Measurement 19: 0.039135 A
23:35:57 | Measurement 20: 0.315416 A
23:35:57 | Measurement 21: 0.215464 A
23:35:57 | Measurement 22: 0.085001 A
23:35:57 | Measurement 23: 0.384688 A
23:35:57 | Measurement 24: 0.065605 A
23:35:57 | Measurement 25: 0.170239 A
23:35:57 | Measurement 26: 0.303859 A
23:35:58 | Measurement 27: 0.055070 A
23:35:58 | Measurement 28: 0.117591 A
23:35:58 | Measurement 29: 0.102586 A
23:35:58 | Measurement 30: 0.254309 A
23:35:58 | Measurement 31: 0.703230 A
23:35:58 | Measurement 32: 0.119003 A
23:35:58 | Measurement 33: 0.132691 A
23:35:58 | Measurement 34: 0.057831 A
23:35:58 | Measurement 35: 14.951432 A
23:35:58 | Measurement 36: 0.085129 A
23:35:58 | Measurement 37: 0.019538 A
23:35:58 | Measurement 38: 0.092646 A
23:35:58 | Measurement 39: 0.320970 A
23:35:58 | Measurement 40: 0.071878 A
23:35:58 | Measurement 41: 0.249352 A
23:35:58 | Measurement 42: 0.202562 A
23:35:59 | Measurement 43: 0.061372 A
23:35:59 | Measurement 44: 0.034140 A
23:35:59 | Measurement 45: 0.095209 A
23:35:59 | Measurement 46: 0.054776 A
23:35:59 | Measurement 47: 0.308487 A
23:35:59 | Measurement 48: 0.317954 A
23:35:59 | Measurement 49: 0.133863 A

--- Sampling Summary ---
total_measurements: 49
requested_duration_s: 3
sampling_frequency_hz: 16.333
actual_runtime_s: 3.001
mean_current_a: 0.621112
median_current_a: 0.111219
std_dev_current_a: 2.385034
min_current_a: 0.019538
max_current_a: 14.951432
metadata: {'emulator': 'Greenlee', 'log_file': 'results\\greenlee\\20260322_233556_greenlee.log', 'start_time': '2026-03-22 23:35:56', 'end_time': '2026-03-22 23:35:59'}
