2026-03-09 20:41:36 | Sampling start for Entes
20:41:36 | Measurement 1: 74.390390 A
20:41:36 | Measurement 2: 46.883061 A
20:41:36 | Measurement 3: 16.568956 A
20:41:36 | Measurement 4: 80.555998 A
20:41:36 | Measurement 5: 37.758367 A
20:41:36 | Measurement 6: 94.636636 A
20:41:36 | Measurement 7: 170.421754 A
20:41:36 | Measurement 8: 100.845045 A
20:41:36 | Measurement 9: 81.817278 A
20:41:36 | Measurement 10: 55.035867 A
20:41:36 | Measurement 11: 25.683117 A
20:41:37 | Measurement 12: 67.981324 A
20:41:37 | Measurement 13: 33.971787 A
20:41:37 | Measurement 14: 45.234096 A
20:41:37 | Measurement 15: 68.206363 A
20:41:37 | Measurement 16: 101.941460 A
20:41:37 | Measurement 17: 125.371057 A
20:41:37 | Measurement 18: 28.246510 A
20:41:37 | Measurement 19: 133.752380 A
20:41:37 | Measurement 20: 55.240313 A
20:41:37 | Measurement 21: 96.487206 A
20:41:37 | Measurement 22: 85.897250 A
20:41:37 | Measurement 23: 46.375673 A
20:41:37 | Measurement 24: 132.103606 A
20:41:37 | Measurement 25: 10.530515 A
20:41:37 | Measurement 26: 157.238565 A
20:41:37 | Measurement 27: 40.722141 A
20:41:37 | Measurement 28: 51.064437 A
20:41:37 | Measurement 29: 38.719356 A
20:41:37 | Measurement 30: 179.087529 A
20:41:37 | Measurement 31: 81.649749 A
20:41:37 | Measurement 32: 56.150882 A
20:41:37 | Measurement 33: 25.752737 A
20:41:37 | Measurement 34: 15.490631 A
20:41:37 | Measurement 35: 115.465720 A
20:41:37 | Measurement 36: 44.484695 A
20:41:37 | Measurement 37: 36.707239 A
20:41:37 | Measurement 38: 140.421336 A
20:41:37 | Measurement 39: 51.251456 A
20:41:37 | Measurement 40: 65.821101 A
20:41:37 | Measurement 41: 58.537778 A
20:41:37 | Measurement 42: 78.028307 A
20:41:37 | Measurement 43: 15.066239 A
20:41:37 | Measurement 44: 98.246853 A
20:41:37 | Measurement 45: 47.555395 A
20:41:37 | Measurement 46: 64.617639 A
20:41:37 | Measurement 47: 117.401098 A
20:41:37 | Measurement 48: 122.443093 A
20:41:37 | Measurement 49: 95.208330 A
20:41:37 | Measurement 50: 57.709254 A
20:41:37 | Measurement 51: 48.917690 A
20:41:38 | Measurement 52: 38.930471 A
20:41:38 | Measurement 53: 31.404762 A
20:41:38 | Measurement 54: 92.901864 A
20:41:38 | Measurement 55: 90.210513 A
20:41:38 | Measurement 56: 129.476224 A
20:41:38 | Measurement 57: 172.464896 A
20:41:38 | Measurement 58: 28.559520 A
20:41:38 | Measurement 59: 22.599384 A
20:41:38 | Measurement 60: 32.347163 A
20:41:38 | Measurement 61: 66.697194 A
20:41:38 | Measurement 62: 37.018240 A
20:41:38 | Measurement 63: 59.187306 A
20:41:38 | Measurement 64: 35.196466 A
20:41:38 | Measurement 65: 38.702729 A
20:41:38 | Measurement 66: 75.625931 A
20:41:38 | Measurement 67: 66.516827 A
20:41:38 | Measurement 68: 39.951532 A
20:41:38 | Measurement 69: 80.193962 A
20:41:38 | Measurement 70: 20.572907 A
20:41:38 | Measurement 71: 26.616294 A
20:41:38 | Measurement 72: 89.559448 A
20:41:38 | Measurement 73: 25.962509 A
20:41:38 | Measurement 74: 14.423276 A
20:41:38 | Measurement 75: 57.347673 A
20:41:38 | Measurement 76: 62.772468 A
20:41:38 | Measurement 77: 97.816030 A
20:41:38 | Measurement 78: 84.532863 A
20:41:38 | Measurement 79: 24.838577 A
20:41:38 | Measurement 80: 27.542571 A
20:41:38 | Measurement 81: 65.894448 A
20:41:38 | Measurement 82: 21.040168 A
20:41:38 | Measurement 83: 128.272651 A
20:41:38 | Measurement 84: 88.092117 A
20:41:38 | Measurement 85: 46.101920 A
20:41:38 | Measurement 86: 48.796836 A
20:41:38 | Measurement 87: 73.746893 A
20:41:38 | Measurement 88: 43.007201 A
20:41:38 | Measurement 89: 16.892151 A
20:41:38 | Measurement 90: 44.873103 A
20:41:39 | Measurement 91: 133.333786 A
20:41:39 | Measurement 92: 62.862951 A
20:41:39 | Measurement 93: 35.938098 A
20:41:39 | Measurement 94: 49.075114 A
20:41:39 | Measurement 95: 82.406878 A
20:41:39 | Measurement 96: 41.519955 A
20:41:39 | Measurement 97: 109.072974 A
20:41:39 | Measurement 98: 22.244021 A
20:41:39 | Measurement 99: 54.284484 A
20:41:39 | Measurement 100: 49.324432 A
20:41:39 | Measurement 101: 43.616442 A
20:41:39 | Measurement 102: 83.617524 A
20:41:39 | Measurement 103: 142.033737 A
20:41:39 | Measurement 104: 33.481794 A
20:41:39 | Measurement 105: 49.895424 A
20:41:39 | Measurement 106: 83.179444 A
20:41:39 | Measurement 107: 51.277881 A
20:41:39 | Measurement 108: 19.098326 A
20:41:39 | Measurement 109: 53.757156 A
20:41:39 | Measurement 110: 64.221594 A
20:41:39 | Measurement 111: 69.164004 A
20:41:39 | Measurement 112: 41.737868 A
20:41:39 | Measurement 113: 163.774890 A
20:41:39 | Measurement 114: 46.075925 A
20:41:39 | Measurement 115: 63.393645 A
20:41:39 | Measurement 116: 124.529863 A
20:41:39 | Measurement 117: 107.054155 A

--- Sampling Summary ---
total_measurements: 117
requested_duration_s: 3
sampling_frequency_hz: 39.0
actual_runtime_s: 3.005
mean_current_a: 67.062861
median_current_a: 57.347673
std_dev_current_a: 38.909638
min_current_a: 10.530515
max_current_a: 179.087529
metadata: {'emulator': 'Entes', 'log_file': 'results\\entes\\20260309_204136_entes.log', 'start_time': '2026-03-09 20:41:36', 'end_time': '2026-03-09 20:41:39'}
