2026-03-10 00:00:07 | Sampling start for Circutor
00:00:07 | Measurement 1: 0.043622 A
00:00:07 | Measurement 2: 0.061722 A
00:00:07 | Measurement 3: 0.018250 A
00:00:07 | Measurement 4: 0.035719 A
00:00:07 | Measurement 5: 0.024095 A
00:00:07 | Measurement 6: 0.050769 A
00:00:08 | Measurement 7: 0.047253 A
00:00:08 | Measurement 8: 0.017374 A
00:00:08 | Measurement 9: 0.042608 A
00:00:08 | Measurement 10: 0.007653 A
00:00:08 | Measurement 11: 0.021088 A
00:00:08 | Measurement 12: 0.026082 A
00:00:08 | Measurement 13: 0.021186 A
00:00:08 | Measurement 14: 0.012593 A
00:00:08 | Measurement 15: 0.012767 A
00:00:08 | Measurement 16: 0.054701 A
00:00:08 | Measurement 17: 0.024909 A
00:00:08 | Measurement 18: 0.033576 A
00:00:08 | Measurement 19: 0.018541 A
00:00:08 | Measurement 20: 0.034672 A
00:00:08 | Measurement 21: 0.030043 A
00:00:08 | Measurement 22: 0.045738 A
00:00:08 | Measurement 23: 0.046583 A
00:00:08 | Measurement 24: 0.020427 A
00:00:08 | Measurement 25: 0.024115 A
00:00:08 | Measurement 26: 0.014569 A
00:00:09 | Measurement 27: 0.056224 A
00:00:09 | Measurement 28: 0.027067 A
00:00:09 | Measurement 29: 0.043673 A
00:00:09 | Measurement 30: 0.051073 A
00:00:09 | Measurement 31: 0.009918 A
00:00:09 | Measurement 32: 0.047172 A
00:00:09 | Measurement 33: 0.042203 A
00:00:09 | Measurement 34: 0.046022 A
00:00:09 | Measurement 35: 0.016291 A
00:00:09 | Measurement 36: 0.014337 A
00:00:09 | Measurement 37: 0.007541 A
00:00:09 | Measurement 38: 0.011910 A
00:00:09 | Measurement 39: 0.038988 A
00:00:09 | Measurement 40: 0.028859 A
00:00:09 | Measurement 41: 0.031862 A
00:00:09 | Measurement 42: 0.007700 A
00:00:09 | Measurement 43: 0.019258 A
00:00:09 | Measurement 44: 0.051280 A
00:00:09 | Measurement 45: 0.023054 A
00:00:09 | Measurement 46: 0.017428 A
00:00:10 | Measurement 47: 0.022622 A
00:00:10 | Measurement 48: 0.021876 A
00:00:10 | Measurement 49: 0.059850 A
00:00:10 | Measurement 50: 0.013204 A
00:00:10 | Measurement 51: 0.015984 A
00:00:10 | Measurement 52: 0.032827 A
00:00:10 | Measurement 53: 0.014760 A
00:00:10 | Measurement 54: 0.015709 A
00:00:10 | Measurement 55: 0.038447 A
00:00:10 | Measurement 56: 0.009427 A
00:00:10 | Measurement 57: 0.014373 A
00:00:10 | Measurement 58: 0.013699 A
00:00:10 | Measurement 59: 0.010392 A

--- Sampling Summary ---
total_measurements: 59
requested_duration_s: 3
sampling_frequency_hz: 19.667
actual_runtime_s: 3.004
mean_current_a: 0.028232
median_current_a: 0.024095
std_dev_current_a: 0.015312
min_current_a: 0.007541
max_current_a: 0.061722
metadata: {'emulator': 'Circutor', 'log_file': 'results\\circutor\\20260310_000007_circutor.log', 'start_time': '2026-03-10 00:00:07', 'end_time': '2026-03-10 00:00:10'}
