2026-03-09 20:41:39 | Sampling start for Circutor
20:41:39 | Measurement 1: 0.016304 A
20:41:39 | Measurement 2: 0.011977 A
20:41:39 | Measurement 3: 0.023171 A
20:41:39 | Measurement 4: 0.011123 A
20:41:39 | Measurement 5: 0.042662 A
20:41:39 | Measurement 6: 0.021332 A
20:41:39 | Measurement 7: 0.023215 A
20:41:39 | Measurement 8: 0.006028 A
20:41:39 | Measurement 9: 0.016093 A
20:41:39 | Measurement 10: 0.017021 A
20:41:39 | Measurement 11: 0.008923 A
20:41:39 | Measurement 12: 0.012574 A
20:41:39 | Measurement 13: 0.029227 A
20:41:39 | Measurement 14: 0.041570 A
20:41:40 | Measurement 15: 0.008444 A
20:41:40 | Measurement 16: 0.024461 A
20:41:40 | Measurement 17: 0.023566 A
20:41:40 | Measurement 18: 0.025711 A
20:41:40 | Measurement 19: 0.017315 A
20:41:40 | Measurement 20: 0.035263 A
20:41:40 | Measurement 21: 0.034559 A
20:41:40 | Measurement 22: 0.011437 A
20:41:40 | Measurement 23: 0.038351 A
20:41:40 | Measurement 24: 0.054024 A
20:41:40 | Measurement 25: 0.012907 A
20:41:40 | Measurement 26: 0.007744 A
20:41:40 | Measurement 27: 0.015792 A
20:41:40 | Measurement 28: 0.049245 A
20:41:40 | Measurement 29: 0.053465 A
20:41:40 | Measurement 30: 0.007693 A
20:41:40 | Measurement 31: 0.021920 A
20:41:40 | Measurement 32: 0.035407 A
20:41:40 | Measurement 33: 0.013137 A
20:41:40 | Measurement 34: 0.009995 A
20:41:40 | Measurement 35: 0.018826 A
20:41:40 | Measurement 36: 0.024691 A
20:41:40 | Measurement 37: 0.020196 A
20:41:40 | Measurement 38: 0.037627 A
20:41:40 | Measurement 39: 0.058562 A
20:41:40 | Measurement 40: 0.047001 A
20:41:40 | Measurement 41: 0.048713 A
20:41:40 | Measurement 42: 0.005042 A
20:41:40 | Measurement 43: 0.025305 A
20:41:40 | Measurement 44: 0.030351 A
20:41:40 | Measurement 45: 0.059344 A
20:41:40 | Measurement 46: 0.022561 A
20:41:40 | Measurement 47: 0.039954 A
20:41:40 | Measurement 48: 0.060987 A
20:41:40 | Measurement 49: 0.022351 A
20:41:40 | Measurement 50: 0.011364 A
20:41:40 | Measurement 51: 0.025307 A
20:41:40 | Measurement 52: 0.037280 A
20:41:40 | Measurement 53: 0.012158 A
20:41:40 | Measurement 54: 0.053489 A
20:41:40 | Measurement 55: 0.022528 A
20:41:40 | Measurement 56: 0.021009 A
20:41:40 | Measurement 57: 0.034180 A
20:41:40 | Measurement 58: 0.052903 A
20:41:40 | Measurement 59: 0.026710 A
20:41:40 | Measurement 60: 0.008026 A
20:41:40 | Measurement 61: 0.014638 A
20:41:40 | Measurement 62: 0.023241 A
20:41:40 | Measurement 63: 0.034919 A
20:41:40 | Measurement 64: 0.014698 A
20:41:40 | Measurement 65: 0.043806 A
20:41:40 | Measurement 66: 0.033842 A
20:41:40 | Measurement 67: 0.044051 A
20:41:41 | Measurement 68: 0.031425 A
20:41:41 | Measurement 69: 0.006236 A
20:41:41 | Measurement 70: 0.024965 A
20:41:41 | Measurement 71: 0.040851 A
20:41:41 | Measurement 72: 0.009696 A
20:41:41 | Measurement 73: 0.034267 A
20:41:41 | Measurement 74: 0.041869 A
20:41:41 | Measurement 75: 0.024377 A
20:41:41 | Measurement 76: 0.029563 A
20:41:41 | Measurement 77: 0.058335 A
20:41:41 | Measurement 78: 0.024944 A
20:41:41 | Measurement 79: 0.044730 A
20:41:41 | Measurement 80: 0.005783 A
20:41:41 | Measurement 81: 0.032949 A
20:41:41 | Measurement 82: 0.024917 A
20:41:41 | Measurement 83: 0.017304 A
20:41:41 | Measurement 84: 0.042454 A
20:41:41 | Measurement 85: 0.010303 A
20:41:41 | Measurement 86: 0.012973 A
20:41:41 | Measurement 87: 0.059902 A
20:41:41 | Measurement 88: 0.017887 A
20:41:41 | Measurement 89: 0.025486 A
20:41:41 | Measurement 90: 0.048709 A
20:41:41 | Measurement 91: 0.051992 A
20:41:41 | Measurement 92: 0.017493 A
20:41:41 | Measurement 93: 0.017140 A
20:41:41 | Measurement 94: 0.013855 A
20:41:41 | Measurement 95: 0.060165 A
20:41:41 | Measurement 96: 0.067876 A
20:41:41 | Measurement 97: 0.054962 A
20:41:41 | Measurement 98: 0.043046 A
20:41:41 | Measurement 99: 0.006833 A
20:41:41 | Measurement 100: 0.040743 A
20:41:41 | Measurement 101: 0.014213 A
20:41:41 | Measurement 102: 0.031545 A
20:41:41 | Measurement 103: 0.022797 A
20:41:41 | Measurement 104: 0.006584 A
20:41:41 | Measurement 105: 0.034035 A
20:41:41 | Measurement 106: 0.041889 A
20:41:41 | Measurement 107: 0.009939 A
20:41:41 | Measurement 108: 0.038406 A
20:41:41 | Measurement 109: 0.012797 A
20:41:41 | Measurement 110: 0.019088 A
20:41:41 | Measurement 111: 0.034096 A
20:41:41 | Measurement 112: 0.050622 A
20:41:41 | Measurement 113: 0.032857 A
20:41:41 | Measurement 114: 0.028400 A
20:41:41 | Measurement 115: 0.035473 A
20:41:41 | Measurement 116: 0.032766 A
20:41:41 | Measurement 117: 0.004642 A
20:41:41 | Measurement 118: 0.036758 A
20:41:41 | Measurement 119: 0.044403 A
20:41:41 | Measurement 120: 0.037532 A
20:41:42 | Measurement 121: 0.029325 A
20:41:42 | Measurement 122: 0.018815 A
20:41:42 | Measurement 123: 0.027578 A
20:41:42 | Measurement 124: 0.048654 A
20:41:42 | Measurement 125: 0.025681 A
20:41:42 | Measurement 126: 0.006155 A
20:41:42 | Measurement 127: 0.007195 A
20:41:42 | Measurement 128: 0.037699 A
20:41:42 | Measurement 129: 0.008550 A
20:41:42 | Measurement 130: 0.025104 A
20:41:42 | Measurement 131: 0.020288 A
20:41:42 | Measurement 132: 0.034244 A
20:41:42 | Measurement 133: 0.014776 A
20:41:42 | Measurement 134: 0.035255 A
20:41:42 | Measurement 135: 0.025577 A
20:41:42 | Measurement 136: 0.008412 A
20:41:42 | Measurement 137: 0.012297 A
20:41:42 | Measurement 138: 0.026175 A
20:41:42 | Measurement 139: 0.012928 A
20:41:42 | Measurement 140: 0.007477 A
20:41:42 | Measurement 141: 0.027492 A
20:41:42 | Measurement 142: 0.052481 A
20:41:42 | Measurement 143: 0.036180 A
20:41:42 | Measurement 144: 0.023186 A
20:41:42 | Measurement 145: 0.023450 A
20:41:42 | Measurement 146: 0.006184 A
20:41:42 | Measurement 147: 0.031081 A
20:41:42 | Measurement 148: 0.009000 A
20:41:42 | Measurement 149: 0.012123 A
20:41:42 | Measurement 150: 0.008380 A
20:41:42 | Measurement 151: 0.035804 A
20:41:42 | Measurement 152: 0.022663 A
20:41:42 | Measurement 153: 0.033302 A
20:41:42 | Measurement 154: 0.009590 A
20:41:42 | Measurement 155: 0.012208 A
20:41:42 | Measurement 156: 0.014553 A
20:41:42 | Measurement 157: 0.026984 A
20:41:42 | Measurement 158: 0.008877 A
20:41:42 | Measurement 159: 0.055408 A

--- Sampling Summary ---
total_measurements: 159
requested_duration_s: 3
sampling_frequency_hz: 53.0
actual_runtime_s: 3.003
mean_current_a: 0.027115
median_current_a: 0.024965
std_dev_current_a: 0.015259
min_current_a: 0.004642
max_current_a: 0.067876
metadata: {'emulator': 'Circutor', 'log_file': 'results\\circutor\\20260309_204139_circutor.log', 'start_time': '2026-03-09 20:41:39', 'end_time': '2026-03-09 20:41:42'}
